<?xml version="1.0" encoding="UTF-8"?>
<!-- Generated by org.testng.reporters.JUnitReportReporter -->
<testsuite hostname="DESKTOP-FC3F1U5" failures="0" tests="2" name="addProductToCart.AddRiceToCart" time="17.049" errors="0" timestamp="2021-04-23T13:49:40 IST" skipped="0">
  <testcase classname="addProductToCart.AddRiceToCart" name="searchRice" time="10.350"/>
  <system-out/>
  <testcase classname="addProductToCart.AddRiceToCart" name="addRiceToCart" time="6.699"/>
  <system-out/>
</testsuite> <!-- addProductToCart.AddRiceToCart -->
