<?xml version="1.0" encoding="UTF-8"?>
<!-- Generated by org.testng.reporters.JUnitReportReporter -->
<testsuite hostname="DESKTOP-FC3F1U5" failures="0" tests="2" name="BigBasket.TestBigBasket.Test123" time="18.652" errors="0" timestamp="2021-04-23T13:22:55 IST" skipped="0">
  <testcase classname="BigBasket.TestBigBasket.Test123" name="searchRice" time="10.514"/>
  <system-out/>
  <testcase classname="BigBasket.TestBigBasket.Test123" name="addRiceToCart" time="8.138"/>
  <system-out/>
</testsuite> <!-- BigBasket.TestBigBasket.Test123 -->
