<?xml version="1.0" encoding="UTF-8"?>
<!-- Generated by org.testng.reporters.JUnitReportReporter -->
<testsuite hostname="DESKTOP-FC3F1U5" failures="0" tests="2" name="BigBasket.TestBigBasket.NewTest" time="10.102" errors="0" timestamp="2021-04-23T01:10:28 IST" skipped="0">
  <testcase classname="BigBasket.TestBigBasket.NewTest" name="searchRice" time="9.085"/>
  <system-out/>
  <testcase classname="BigBasket.TestBigBasket.NewTest" name="addRiceToCart" time="1.017"/>
  <system-out/>
</testsuite> <!-- BigBasket.TestBigBasket.NewTest -->
