<?xml version="1.0" encoding="UTF-8"?>
<!-- Generated by org.testng.reporters.JUnitReportReporter -->
<testsuite hostname="DESKTOP-FC3F1U5" failures="0" tests="2" name="BigBasket.TestBigBasket.AddRiceToCart" time="33.330" errors="0" timestamp="2021-04-23T10:06:19 IST" skipped="0">
  <testcase classname="BigBasket.TestBigBasket.AddRiceToCart" name="searchRice" time="25.072"/>
  <system-out/>
  <testcase classname="BigBasket.TestBigBasket.AddRiceToCart" name="addRiceToCart" time="8.258"/>
  <system-out/>
</testsuite> <!-- BigBasket.TestBigBasket.AddRiceToCart -->
